<?xml version="1.0" encoding="UTF-8"?>
<!-- Generated by org.testng.reporters.JUnitReportReporter -->
<testsuite hostname="LIN49000594" name="Parallel_Execution.Example3" tests="7" failures="0" timestamp="27 Jul 2020 11:29:16 GMT" time="0.142" errors="0">
  <testcase name="test1" time="0.027" classname="Parallel_Execution.Example3"/>
  <testcase name="test1" time="0.026" classname="Parallel_Execution.Example3"/>
  <testcase name="test2" time="0.005" classname="Parallel_Execution.Example3"/>
  <testcase name="test3" time="0.002" classname="Parallel_Execution.Example3"/>
  <testcase name="test1" time="0.029" classname="Parallel_Execution.Example3"/>
  <testcase name="test1" time="0.026" classname="Parallel_Execution.Example3"/>
  <testcase name="test1" time="0.027" classname="Parallel_Execution.Example3"/>
</testsuite> <!-- Parallel_Execution.Example3 -->
