<?xml version="1.0" encoding="UTF-8"?>
<!-- Generated by org.testng.reporters.JUnitReportReporter -->
<testsuite hostname="LIN49000594" name="Parameterization.DataProvider_Parameter_case2" tests="6" failures="0" timestamp="27 Jul 2020 09:23:24 GMT" time="0.039" errors="0">
  <testcase name="testcase1" time="0.018" classname="Parameterization.DataProvider_Parameter_case2"/>
  <testcase name="testcase1" time="0.002" classname="Parameterization.DataProvider_Parameter_case2"/>
  <testcase name="testcase1" time="0.005" classname="Parameterization.DataProvider_Parameter_case2"/>
  <testcase name="testcase1" time="0.004" classname="Parameterization.DataProvider_Parameter_case2"/>
  <testcase name="testcase1" time="0.005" classname="Parameterization.DataProvider_Parameter_case2"/>
  <testcase name="testcase1" time="0.005" classname="Parameterization.DataProvider_Parameter_case2"/>
</testsuite> <!-- Parameterization.DataProvider_Parameter_case2 -->
