<?xml version="1.0" encoding="UTF-8"?>
<!-- Generated by org.testng.reporters.JUnitReportReporter -->
<testsuite hostname="LIN49000594" name="Parameterization.DataProvider_Parameter_case1" tests="6" failures="0" timestamp="27 Jul 2020 09:03:36 GMT" time="0.027" errors="0">
  <testcase name="testcase1" time="0.004" classname="Parameterization.DataProvider_Parameter_case1"/>
  <testcase name="testcase1" time="0.005" classname="Parameterization.DataProvider_Parameter_case1"/>
  <testcase name="testcase1" time="0.006" classname="Parameterization.DataProvider_Parameter_case1"/>
  <testcase name="testcase1" time="0.005" classname="Parameterization.DataProvider_Parameter_case1"/>
  <testcase name="testcase1" time="0.002" classname="Parameterization.DataProvider_Parameter_case1"/>
  <testcase name="testcase1" time="0.005" classname="Parameterization.DataProvider_Parameter_case1"/>
</testsuite> <!-- Parameterization.DataProvider_Parameter_case1 -->
