<?xml version="1.0" encoding="UTF-8"?>
<!-- Generated by org.testng.reporters.JUnitReportReporter -->
<testsuite hostname="LIN49000594" name="Basic_Introduction_TestNG.TestNg_Annotation_commanly_used" tests="2" failures="0" timestamp="27 Jul 2020 09:03:36 GMT" time="0.032" errors="0">
  <testcase name="testcase1" time="0.004" classname="Basic_Introduction_TestNG.TestNg_Annotation_commanly_used"/>
  <testcase name="testcase2" time="0.028" classname="Basic_Introduction_TestNG.TestNg_Annotation_commanly_used"/>
</testsuite> <!-- Basic_Introduction_TestNG.TestNg_Annotation_commanly_used -->
