<?xml version="1.0" encoding="UTF-8"?>
<!-- Generated by org.testng.reporters.JUnitReportReporter -->
<testsuite hostname="LIN49000594" name="Parallel_Execution.Example1" tests="2" failures="0" timestamp="27 Jul 2020 11:25:15 GMT" time="0.056" errors="0">
  <testcase name="test2" time="0.028" classname="Parallel_Execution.Example1"/>
  <testcase name="test1" time="0.028" classname="Parallel_Execution.Example1"/>
</testsuite> <!-- Parallel_Execution.Example1 -->
