<?xml version="1.0" encoding="UTF-8"?>
<!-- Generated by org.testng.reporters.JUnitReportReporter -->
<testsuite hostname="LIN49000594" name="Booking.BookFlight" tests="4" failures="0" timestamp="27 Jul 2020 09:04:37 GMT" time="0.042" errors="0">
  <testcase name="bookFlight_RoundTrip_TestCase2" time="0.002" classname="Booking.BookFlight"/>
  <testcase name="bookFlight_RoundTrip_TestCase4" time="0.004" classname="Booking.BookFlight"/>
  <testcase name="bookFlight_RoundTrip_TestCase3" time="0.002" classname="Booking.BookFlight"/>
  <testcase name="bookFlight_RoundTrip_TestCase1" time="0.034" classname="Booking.BookFlight"/>
</testsuite> <!-- Booking.BookFlight -->
