<?xml version="1.0" encoding="UTF-8"?>
<!-- Generated by org.testng.reporters.JUnitReportReporter -->
<testsuite hostname="LIN49000594" name="Booking.BookHolidayPackage" tests="2" failures="0" timestamp="27 Jul 2020 09:04:37 GMT" time="0.008" errors="0">
  <testcase name="bookHolidayPackage_departure_testcase2" time="0.003" classname="Booking.BookHolidayPackage"/>
  <testcase name="bookHolidayPackage_destination_testcase1" time="0.005" classname="Booking.BookHolidayPackage"/>
</testsuite> <!-- Booking.BookHolidayPackage -->
