<?xml version="1.0" encoding="UTF-8"?>
<!-- Generated by org.testng.reporters.JUnitReportReporter -->
<testsuite hostname="LIN49000594" name="Parameterization.Parameter_xml" tests="1" failures="0" timestamp="27 Jul 2020 09:24:48 GMT" time="0.037" errors="0">
  <testcase name="test1" time="0.037" classname="Parameterization.Parameter_xml"/>
</testsuite> <!-- Parameterization.Parameter_xml -->
