<?xml version="1.0" encoding="UTF-8"?>
<!-- Generated by org.testng.reporters.JUnitReportReporter -->
<testsuite hostname="LIN49000594" name="Parallel_Execution.Example2" tests="3" failures="0" timestamp="27 Jul 2020 11:25:15 GMT" time="0.021" errors="0">
  <testcase name="test3" time="0.008" classname="Parallel_Execution.Example2"/>
  <testcase name="test2" time="0.007" classname="Parallel_Execution.Example2"/>
  <testcase name="test1" time="0.006" classname="Parallel_Execution.Example2"/>
</testsuite> <!-- Parallel_Execution.Example2 -->
