<?xml version="1.0" encoding="UTF-8"?>
<!-- Generated by org.testng.reporters.JUnitReportReporter -->
<testsuite hostname="LIN49000594" name="Basic_Introduction_TestNG.TestNg_All_Annotation_sequence" tests="3" failures="0" timestamp="27 Jul 2020 09:03:36 GMT" time="0.027" errors="0">
  <testcase name="testcase2" time="0.005" classname="Basic_Introduction_TestNG.TestNg_All_Annotation_sequence"/>
  <testcase name="testcase3" time="0.008" classname="Basic_Introduction_TestNG.TestNg_All_Annotation_sequence"/>
  <testcase name="testcase1" time="0.014" classname="Basic_Introduction_TestNG.TestNg_All_Annotation_sequence"/>
</testsuite> <!-- Basic_Introduction_TestNG.TestNg_All_Annotation_sequence -->
