<?xml version="1.0" encoding="UTF-8"?>
<!-- Generated by org.testng.reporters.JUnitReportReporter -->
<testsuite hostname="LIN49000594" name="Booking.BookHotle" tests="3" failures="0" timestamp="27 Jul 2020 09:04:37 GMT" time="0.007" errors="0">
  <testcase name="bookHotle_checkOut_Testcase3" time="0.002" classname="Booking.BookHotle"/>
  <testcase name="bookHotle_DestinationCity_Testcase1" time="0.003" classname="Booking.BookHotle"/>
  <testcase name="bookHotle_checkIn_Testcase2" time="0.002" classname="Booking.BookHotle"/>
</testsuite> <!-- Booking.BookHotle -->
