<?xml version="1.0" encoding="UTF-8"?>
<!-- Generated by org.testng.reporters.JUnitReportReporter -->
<testsuite hostname="LIN49000594" name="OnlineChecking.OnlineChecking" tests="3" failures="0" timestamp="27 Jul 2020 09:04:37 GMT" time="0.017" errors="0">
  <testcase name="checkInOnline_PNR_Status_Testcase2" time="0.010" classname="OnlineChecking.OnlineChecking"/>
  <testcase name="checkInMannual_PNR_Number_Testcase3" time="0.003" classname="OnlineChecking.OnlineChecking"/>
  <testcase name="checkInOnline_PNR_Number_Testcase1" time="0.004" classname="OnlineChecking.OnlineChecking"/>
</testsuite> <!-- OnlineChecking.OnlineChecking -->
