<?xml version="1.0" encoding="UTF-8"?>
<!-- Generated by org.testng.reporters.JUnitReportReporter -->
<testsuite hostname="LIN49000594" name="Basic_Introduction_TestNG.TestNg_DependsOnMethod" tests="3" failures="0" timestamp="27 Jul 2020 09:03:36 GMT" time="0.021" errors="0">
  <testcase name="test2" time="0.007" classname="Basic_Introduction_TestNG.TestNg_DependsOnMethod"/>
  <testcase name="test3" time="0.006" classname="Basic_Introduction_TestNG.TestNg_DependsOnMethod"/>
  <testcase name="test4" time="0.008" classname="Basic_Introduction_TestNG.TestNg_DependsOnMethod"/>
</testsuite> <!-- Basic_Introduction_TestNG.TestNg_DependsOnMethod -->
